<?xml version="1.0" encoding="UTF-8"?>
<testng-results ignored="0" total="1" passed="1" failed="0" skipped="0">
  <reporter-output>
  </reporter-output>
  <suite started-at="2023-10-05T01:59:26Z" name="Default suite" finished-at="2023-10-05T01:59:32Z" duration-ms="5548">
    <groups>
    </groups>
    <test started-at="2023-10-05T01:59:26Z" name="Default test" finished-at="2023-10-05T01:59:32Z" duration-ms="5548">
      <class name="testSelenium.NewTest">
        <test-method signature="f()[pri:0, instance:testSelenium.NewTest@d771cc9]" started-at="2023-10-04T19:59:26Z" name="f" finished-at="2023-10-04T19:59:32Z" duration-ms="5540" status="PASS">
          <reporter-output>
          </reporter-output>
        </test-method> <!-- f -->
      </class> <!-- testSelenium.NewTest -->
    </test> <!-- Default test -->
  </suite> <!-- Default suite -->
</testng-results>
